<?xml version="1.0" encoding="UTF-8"?>
<!-- Generated by org.testng.reporters.JUnitReportReporter -->
<testsuite skipped="0" hostname="Olvis-MacBook-Pro.local" name="step_definitions.search.SearchViaCategorySteps" tests="1" failures="0" timestamp="2023-09-06T10:03:26 WIB" time="2.280" errors="0">
  <testcase name="openGoogle" time="2.280" classname="step_definitions.search.SearchViaCategorySteps"/>
  <system-out/>
</testsuite> <!-- step_definitions.search.SearchViaCategorySteps -->
